d:\projects\kns-2022\kns-2022\debug\vc143.pdb
d:\projects\kns-2022\kns-2022\debug\vc143.idb
d:\projects\kns-2022\kns-2022\debug\lt.obj
d:\projects\kns-2022\kns-2022\debug\it.obj
d:\projects\kns-2022\kns-2022\debug\mfst.obj
d:\projects\kns-2022\kns-2022\debug\lexicalanalyzer.obj
d:\projects\kns-2022\kns-2022\debug\greibach.obj
d:\projects\kns-2022\kns-2022\debug\semanticanalyzer.obj
d:\projects\kns-2022\kns-2022\debug\parm.obj
d:\projects\kns-2022\kns-2022\debug\log.obj
d:\projects\kns-2022\kns-2022\debug\kns-2022.obj
d:\projects\kns-2022\kns-2022\debug\in.obj
d:\projects\kns-2022\kns-2022\debug\fst.obj
d:\projects\kns-2022\kns-2022\debug\error.obj
d:\projects\kns-2022\kns-2022\debug\semanalyzer.obj
d:\projects\kns-2022\kns-2022\debug\generator.obj
d:\projects\kns-2022\debug\kns-2022.exe
d:\projects\kns-2022\kns-2022\debug\kns-2022.ilk
d:\projects\kns-2022\debug\kns-2022.pdb
d:\projects\kns-2022\kns-2022\debug\lexicalanalyzer.obj.enc
d:\projects\kns-2022\kns-2022\debug\semanalyzer.obj.enc
d:\projects\kns-2022\kns-2022\debug\kns-2022.tlog\cl.command.1.tlog
d:\projects\kns-2022\kns-2022\debug\kns-2022.tlog\cl.read.1.tlog
d:\projects\kns-2022\kns-2022\debug\kns-2022.tlog\cl.write.1.tlog
d:\projects\kns-2022\kns-2022\debug\kns-2022.tlog\link.command.1.tlog
d:\projects\kns-2022\kns-2022\debug\kns-2022.tlog\link.read.1.tlog
d:\projects\kns-2022\kns-2022\debug\kns-2022.tlog\link.write.1.tlog
