d:\projects\kns-2022\kns-2022\x64\debug\vc143.pdb
d:\projects\kns-2022\kns-2022\x64\debug\vc143.idb
d:\projects\kns-2022\kns-2022\x64\debug\parm.obj
d:\projects\kns-2022\kns-2022\x64\debug\log.obj
d:\projects\kns-2022\kns-2022\x64\debug\kns-2022.obj
d:\projects\kns-2022\kns-2022\x64\debug\in.obj
d:\projects\kns-2022\kns-2022\x64\debug\error.obj
d:\projects\kns-2022\kns-2022\x64\debug\lexicalanalyzer.obj
d:\projects\kns-2022\kns-2022\x64\debug\lt.obj
d:\projects\kns-2022\kns-2022\x64\debug\it.obj
d:\projects\kns-2022\kns-2022\x64\debug\fst.obj
d:\projects\kns-2022\x64\debug\kns-2022.exe
d:\projects\kns-2022\kns-2022\x64\debug\kns-2022.ilk
d:\projects\kns-2022\x64\debug\kns-2022.pdb
d:\projects\kns-2022\kns-2022\x64\debug\kns-2022.tlog\cl.command.1.tlog
d:\projects\kns-2022\kns-2022\x64\debug\kns-2022.tlog\cl.read.1.tlog
d:\projects\kns-2022\kns-2022\x64\debug\kns-2022.tlog\cl.write.1.tlog
d:\projects\kns-2022\kns-2022\x64\debug\kns-2022.tlog\link.command.1.tlog
d:\projects\kns-2022\kns-2022\x64\debug\kns-2022.tlog\link.read.1.tlog
d:\projects\kns-2022\kns-2022\x64\debug\kns-2022.tlog\link.write.1.tlog
